DASSH: Ducted Assembly Steady-State Heat Transfer Code
Version 0.6.10-dev
Executed 2021-06-15 17:48:39.933545



ASSEMBLY GEOMETRY SUMMARY
--------------------------

   Parameter (m // sqm)  Assembly 1  Assembly 2
-----------------------------------------------
                   Name        fuel   reflector
                   Pins         271          91
              Pin rings          10           6
           Pin diameter 5.40000E-03 1.09500E-02
              Pin pitch 6.50000E-03 1.12000E-02
         Clad thickness 3.50000E-04 1.00600E-03
             Wire pitch 2.03200E-01 2.04190E-01
          Wire diameter 1.00000E-03 1.23000E-04
         Wire direction countercloc countercloc
            Pin-pin gap 1.10000E-03 2.50000E-04
           Pin-wall gap 1.43751E-03 8.27577E-04
   Number of duct walls           1           1
  Number of bypass gaps           0           0
 Outside duct outer FTF 1.15600E-01 1.15600E-01
 Outside duct thickness 3.00000E-03 3.00000E-03
                Coolant         546         186
            1. Interior         486         150
                2. Edge          54          30
              3. Corner           6           6
        Duct (per wall)          60          36
                4. Edge          54          30
              5. Corner           6           6
                                               
       Bypass (per gap)         ---         ---
                6. Edge         ---         ---
              7. Corner         ---         ---
                                               
        Subchannel area         ---         ---
       1. Interior area 6.44906E-06 7.22548E-06
           2. Edge area 1.50481E-05 2.34972E-05
         3. Corner area 5.93510E-06 7.23658E-06
    Interior total area 3.98245E-03 1.83216E-03
                                               
        Hydraulic diam.         ---         ---
         1. Interior De 2.56404E-03 1.66139E-03
             2. Edge De 3.63464E-03 3.28676E-03
           3. Corner De 2.91967E-03 2.21364E-03
              Bundle De 2.73117E-03 2.06686E-03
                                               
 Centroid-centroid dist         ---         ---
               1 <--> 1 3.75278E-03 6.46632E-03
               1 <--> 2 3.94515E-03 6.38445E-03
               2 <--> 2 6.50000E-03 1.12000E-02
               2 <--> 3 4.44440E-03 7.41940E-03
               3 <--> 3 3.94764E-03 6.79979E-03
                                               
           Correlations         ---         ---
        Friction factor         ctd         ctd
             Flow split         ctd         ctd
      Mixing parameters         ctd         ctd
         Nusselt number dittus-boel dittus-boel
           Shape factor 1.10000E+00 1.00000E+00



ASSEMBLY POWER AND ASSIGNED FLOW RATE
--------------------------------------
This table reports the total flow rate and power for each assembly.
The axial mesh size constraint required for each assembly is reported
as "dz".

"Limiting SC" refers to the type of subchannel that constrains the axial mesh
size. The subchannel ID is the first number; the subchannels to which it
is connected are the second set of numbers. Subchannel IDs are (1) interior;
(2) edge; (3) corner; (6) bypass edge; (7); bypass corner. If a bypass
channel is constraining, the third value indicates which bypass gap the
channel resides in.

Example: "3-22" identifies corner subchannel connected to two edge subchannels
Example: "7-66-0" indicates a bypass corner subchannel connected to two
    bypass edge channels in the first (innermost) bypass gap.

Gr* is the modified Grashof number, which indicates whether buoyancy effects
are important in the pin bundle. If the assembly has a pin bundle region and
Gr* >= 0.02, buoyancy effects should be important and the forced convection
representation of the flow is not accurate.

                            Flow rate      Power         dz   Limiting                Forced
Asm.       Name       Loc.     (kg/s)        (W)        (m)         SC        Gr*  Conv Repr
--------------------------------------------------------------------------------------------
   1       fuel    ( 1, 1)  2.750E+01  5.360E+06  1.144E-02       3-22        ---        ---
   2       fuel    ( 2, 1)  2.500E+01  4.832E+06  1.103E-02       3-22        ---        ---
   3       fuel    ( 2, 2)  2.500E+01  4.832E+06  1.103E-02       3-22        ---        ---
   4       fuel    ( 2, 3)  2.500E+01  4.832E+06  1.103E-02       3-22        ---        ---
   5       fuel    ( 2, 4)  2.500E+01  4.832E+06  1.103E-02       3-22        ---        ---
   6       fuel    ( 2, 5)  2.500E+01  4.832E+06  1.103E-02       3-22        ---        ---
   7       fuel    ( 2, 6)  2.500E+01  4.832E+06  1.103E-02       3-22        ---        ---
   8       fuel    ( 3, 1)  1.600E+01  2.791E+06  9.019E-03       3-22        ---        ---
   9       fuel    ( 3, 2)  1.600E+01  3.352E+06  9.019E-03       3-22        ---        ---
  10       fuel    ( 3, 3)  1.600E+01  2.791E+06  9.019E-03       3-22        ---        ---
  11       fuel    ( 3, 4)  1.600E+01  3.352E+06  9.019E-03       3-22        ---        ---
  12       fuel    ( 3, 5)  1.600E+01  2.791E+06  9.019E-03       3-22        ---        ---
  13       fuel    ( 3, 6)  1.600E+01  3.352E+06  9.019E-03       3-22        ---        ---
  14       fuel    ( 3, 7)  1.600E+01  2.791E+06  9.019E-03       3-22        ---        ---
  15       fuel    ( 3, 8)  1.600E+01  3.352E+06  9.019E-03       3-22        ---        ---
  16       fuel    ( 3, 9)  1.600E+01  2.791E+06  9.019E-03       3-22        ---        ---
  17       fuel    ( 3,10)  1.600E+01  3.352E+06  9.019E-03       3-22        ---        ---
  18       fuel    ( 3,11)  1.600E+01  2.791E+06  9.019E-03       3-22        ---        ---
  19       fuel    ( 3,12)  1.600E+01  3.352E+06  9.019E-03       3-22        ---        ---
  20  reflector    ( 4, 1)  5.000E-01  2.920E+04  5.436E-03       3-22        ---        ---
  21  reflector    ( 4, 2)  5.000E-01  5.129E+04  5.436E-03       3-22        ---        ---
  22  reflector    ( 4, 3)  5.000E-01  5.129E+04  5.436E-03       3-22        ---        ---
  23  reflector    ( 4, 4)  5.000E-01  2.919E+04  5.436E-03       3-22        ---        ---
  24  reflector    ( 4, 5)  5.000E-01  5.129E+04  5.436E-03       3-22        ---        ---
  25  reflector    ( 4, 6)  5.000E-01  5.129E+04  5.436E-03       3-22        ---        ---
  26  reflector    ( 4, 7)  5.000E-01  2.920E+04  5.436E-03       3-22        ---        ---
  27  reflector    ( 4, 8)  5.000E-01  5.129E+04  5.436E-03       3-22        ---        ---
  28  reflector    ( 4, 9)  5.000E-01  5.129E+04  5.436E-03       3-22        ---        ---
  29  reflector    ( 4,10)  5.000E-01  2.919E+04  5.436E-03       3-22        ---        ---
  30  reflector    ( 4,11)  5.000E-01  5.129E+04  5.436E-03       3-22        ---        ---
  31  reflector    ( 4,12)  5.000E-01  5.129E+04  5.436E-03       3-22        ---        ---
  32  reflector    ( 4,13)  5.000E-01  2.920E+04  5.436E-03       3-22        ---        ---
  33  reflector    ( 4,14)  5.000E-01  5.129E+04  5.436E-03       3-22        ---        ---
  34  reflector    ( 4,15)  5.000E-01  5.129E+04  5.436E-03       3-22        ---        ---
  35  reflector    ( 4,16)  5.000E-01  2.919E+04  5.436E-03       3-22        ---        ---
  36  reflector    ( 4,17)  5.000E-01  5.129E+04  5.436E-03       3-22        ---        ---
  37  reflector    ( 4,18)  5.000E-01  5.129E+04  5.436E-03       3-22        ---        ---
 ---        gap        ---  3.823E+00        ---  4.320E-03      X-XXX        ---        ---



SUBCHANNEL FLOW CHARACTERISTICS
--------------------------------
Column heading definitions
    Avg. - Average coolant velocity in rod bundle or assembly
    Int. - Coolant velocity in the interior subchannel
    Edge - Coolant velocity in the edge subchannel
    Corner - Coolant velocity in the corner subchannel
    Bypass - Average coolant velocity in the bypass gap, if applicable
    Swirl - Transverse velocity in edge/corner subchannels due to wire-wrap
    Bundle RE - Average Reynolds number in rod bundle or assembly
    Friction factor - Unitless friction factor for bundle or assembly
    Eddy df. - Correlated eddy diffusivity in subchannels

Notes
- Values reported for coolant at inlet temperature
- Flow split can be obtained as ratio of subchannel and average velocities
- Average values reported for assemblies without rod bundle specification

                          |-------  --------  Velocity  (m/s) --  --------  -------|    Bundle  Friction  Eddy Df.
Asm.      Name      Pos.      Avg.      Int.      Edge    Corner    Bypass     Swirl        RE    Factor   (m^2/s)
------------------------------------------------------------------------------------------------------------------
   1      fuel   ( 1, 1)     7.900     7.655     8.868     7.407       ---     1.115     57046  2.06E-02   0.00062
   2      fuel   ( 2, 1)     7.182     6.959     8.062     6.733       ---     1.014     51860  2.10E-02   0.00056
   3      fuel   ( 2, 2)     7.182     6.959     8.062     6.733       ---     1.014     51860  2.10E-02   0.00056
   4      fuel   ( 2, 3)     7.182     6.959     8.062     6.733       ---     1.014     51860  2.10E-02   0.00056
   5      fuel   ( 2, 4)     7.182     6.959     8.062     6.733       ---     1.014     51860  2.10E-02   0.00056
   6      fuel   ( 2, 5)     7.182     6.959     8.062     6.733       ---     1.014     51860  2.10E-02   0.00056
   7      fuel   ( 2, 6)     7.182     6.959     8.062     6.733       ---     1.014     51860  2.10E-02   0.00056
   8      fuel   ( 3, 1)     4.596     4.454     5.160     4.309       ---     0.649     33190  2.27E-02   0.00036
   9      fuel   ( 3, 2)     4.596     4.454     5.160     4.309       ---     0.649     33190  2.27E-02   0.00036
  10      fuel   ( 3, 3)     4.596     4.454     5.160     4.309       ---     0.649     33190  2.27E-02   0.00036
  11      fuel   ( 3, 4)     4.596     4.454     5.160     4.309       ---     0.649     33190  2.27E-02   0.00036
  12      fuel   ( 3, 5)     4.596     4.454     5.160     4.309       ---     0.649     33190  2.27E-02   0.00036
  13      fuel   ( 3, 6)     4.596     4.454     5.160     4.309       ---     0.649     33190  2.27E-02   0.00036
  14      fuel   ( 3, 7)     4.596     4.454     5.160     4.309       ---     0.649     33190  2.27E-02   0.00036
  15      fuel   ( 3, 8)     4.596     4.454     5.160     4.309       ---     0.649     33190  2.27E-02   0.00036
  16      fuel   ( 3, 9)     4.596     4.454     5.160     4.309       ---     0.649     33190  2.27E-02   0.00036
  17      fuel   ( 3,10)     4.596     4.454     5.160     4.309       ---     0.649     33190  2.27E-02   0.00036
  18      fuel   ( 3,11)     4.596     4.454     5.160     4.309       ---     0.649     33190  2.27E-02   0.00036
  19      fuel   ( 3,12)     4.596     4.454     5.160     4.309       ---     0.649     33190  2.27E-02   0.00036
  20  reflecto   ( 4, 1)     0.312     0.183     0.520     0.152       ---     0.029      1706  4.42E-02   0.00005
  21  reflecto   ( 4, 2)     0.312     0.183     0.520     0.152       ---     0.029      1706  4.42E-02   0.00005
  22  reflecto   ( 4, 3)     0.312     0.183     0.520     0.152       ---     0.029      1706  4.42E-02   0.00005
  23  reflecto   ( 4, 4)     0.312     0.183     0.520     0.152       ---     0.029      1706  4.42E-02   0.00005
  24  reflecto   ( 4, 5)     0.312     0.183     0.520     0.152       ---     0.029      1706  4.42E-02   0.00005
  25  reflecto   ( 4, 6)     0.312     0.183     0.520     0.152       ---     0.029      1706  4.42E-02   0.00005
  26  reflecto   ( 4, 7)     0.312     0.183     0.520     0.152       ---     0.029      1706  4.42E-02   0.00005
  27  reflecto   ( 4, 8)     0.312     0.183     0.520     0.152       ---     0.029      1706  4.42E-02   0.00005
  28  reflecto   ( 4, 9)     0.312     0.183     0.520     0.152       ---     0.029      1706  4.42E-02   0.00005
  29  reflecto   ( 4,10)     0.312     0.183     0.520     0.152       ---     0.029      1706  4.42E-02   0.00005
  30  reflecto   ( 4,11)     0.312     0.183     0.520     0.152       ---     0.029      1706  4.42E-02   0.00005
  31  reflecto   ( 4,12)     0.312     0.183     0.520     0.152       ---     0.029      1706  4.42E-02   0.00005
  32  reflecto   ( 4,13)     0.312     0.183     0.520     0.152       ---     0.029      1706  4.42E-02   0.00005
  33  reflecto   ( 4,14)     0.312     0.183     0.520     0.152       ---     0.029      1706  4.42E-02   0.00005
  34  reflecto   ( 4,15)     0.312     0.183     0.520     0.152       ---     0.029      1706  4.42E-02   0.00005
  35  reflecto   ( 4,16)     0.312     0.183     0.520     0.152       ---     0.029      1706  4.42E-02   0.00005
  36  reflecto   ( 4,17)     0.312     0.183     0.520     0.152       ---     0.029      1706  4.42E-02   0.00005
  37  reflecto   ( 4,18)     0.312     0.183     0.520     0.152       ---     0.029      1706  4.42E-02   0.00005



PRESSURE DROP (MPa) ACROSS ASSEMBLIES
--------------------------------------
Notes
- "Total" is the total pressure drop accumulated across the assembly
- "Region 1...N" is the pressure drop in each user-specified axial
    region, starting from the bottom

Asm.       Name       Loc.      Total   Region 1
------------------------------------------------
   1       fuel    ( 1, 1)    0.82304    0.82304
   2       fuel    ( 2, 1)    0.69197    0.69197
   3       fuel    ( 2, 2)    0.69197    0.69197
   4       fuel    ( 2, 3)    0.69197    0.69197
   5       fuel    ( 2, 4)    0.69197    0.69197
   6       fuel    ( 2, 5)    0.69197    0.69197
   7       fuel    ( 2, 6)    0.69197    0.69197
   8       fuel    ( 3, 1)    0.30714    0.30714
   9       fuel    ( 3, 2)    0.30714    0.30714
  10       fuel    ( 3, 3)    0.30714    0.30714
  11       fuel    ( 3, 4)    0.30714    0.30714
  12       fuel    ( 3, 5)    0.30714    0.30714
  13       fuel    ( 3, 6)    0.30714    0.30714
  14       fuel    ( 3, 7)    0.30714    0.30714
  15       fuel    ( 3, 8)    0.30714    0.30714
  16       fuel    ( 3, 9)    0.30714    0.30714
  17       fuel    ( 3,10)    0.30714    0.30714
  18       fuel    ( 3,11)    0.30714    0.30714
  19       fuel    ( 3,12)    0.30714    0.30714
  20  reflector    ( 4, 1)    0.00364    0.00364
  21  reflector    ( 4, 2)    0.00364    0.00364
  22  reflector    ( 4, 3)    0.00364    0.00364
  23  reflector    ( 4, 4)    0.00364    0.00364
  24  reflector    ( 4, 5)    0.00364    0.00364
  25  reflector    ( 4, 6)    0.00364    0.00364
  26  reflector    ( 4, 7)    0.00364    0.00364
  27  reflector    ( 4, 8)    0.00364    0.00364
  28  reflector    ( 4, 9)    0.00364    0.00364
  29  reflector    ( 4,10)    0.00364    0.00364
  30  reflector    ( 4,11)    0.00364    0.00364
  31  reflector    ( 4,12)    0.00364    0.00364
  32  reflector    ( 4,13)    0.00364    0.00364
  33  reflector    ( 4,14)    0.00364    0.00364
  34  reflector    ( 4,15)    0.00364    0.00364
  35  reflector    ( 4,16)    0.00364    0.00364
  36  reflector    ( 4,17)    0.00364    0.00364
  37  reflector    ( 4,18)    0.00364    0.00364



OVERALL ASSEMBLY ENERGY BALANCE
--------------------------------
Column heading definitions
    A - Heat added to coolant through pins or by direct heating (W)
    B - Heat added to duct wall (W)
    C - Heat transferred to assembly-interior coolant through duct wall (W)
    D - Heat transferred to bypass coolant through duct wall (W) (*)
    E - Assembly coolant mass flow rate (kg/s)
    F - Assembly axially averaged heat capacity (J/kg-K)
    G - Assembly coolant temperature rise (K)
    SUM - Assembly energy balance: A + C + D - E * F * G (W)
    ERROR - SUM / (A + B)

Asm.            A            B            C            D            E            F            G          SUM        ERROR
-------------------------------------------------------------------------------------------------------------------------
   1   5.3181E+06   4.2156E+04   4.5704E+04   0.0000E+00   2.7500E+01   1.2975E+03   1.5033E+02  -6.5193E-09  -1.2162E-15
   2   4.7949E+06   3.6827E+04   4.9665E+04   0.0000E+00   2.5000E+01   1.2975E+03   1.4935E+02  -1.6764E-08  -3.4695E-15
   3   4.7949E+06   3.6827E+04   4.9665E+04   0.0000E+00   2.5000E+01   1.2975E+03   1.4935E+02  -1.2107E-08  -2.5058E-15
   4   4.7949E+06   3.6827E+04   4.9665E+04   0.0000E+00   2.5000E+01   1.2975E+03   1.4935E+02  -1.1176E-08  -2.3130E-15
   5   4.7949E+06   3.6827E+04   4.9665E+04   0.0000E+00   2.5000E+01   1.2975E+03   1.4935E+02  -1.3039E-08  -2.6985E-15
   6   4.7949E+06   3.6827E+04   4.9665E+04   0.0000E+00   2.5000E+01   1.2975E+03   1.4935E+02  -1.8626E-09  -3.8550E-16
   7   4.7949E+06   3.6827E+04   4.9665E+04   0.0000E+00   2.5000E+01   1.2975E+03   1.4935E+02  -1.6764E-08  -3.4695E-15
   8   2.7705E+06   2.0755E+04   7.8656E+02   0.0000E+00   1.6000E+01   1.2975E+03   1.3349E+02  -1.8626E-09  -6.6732E-16
   9   3.3266E+06   2.5309E+04  -3.0778E+04   0.0000E+00   1.6000E+01   1.2975E+03   1.5876E+02  -4.1910E-09  -1.2503E-15
  10   2.7705E+06   2.0755E+04   7.8625E+02   0.0000E+00   1.6000E+01   1.2975E+03   1.3349E+02  -2.7940E-09  -1.0010E-15
  11   3.3266E+06   2.5309E+04  -3.0778E+04   0.0000E+00   1.6000E+01   1.2975E+03   1.5876E+02  -4.6566E-10  -1.3893E-16
  12   2.7705E+06   2.0755E+04   7.8656E+02   0.0000E+00   1.6000E+01   1.2975E+03   1.3349E+02  -5.1223E-09  -1.8351E-15
  13   3.3266E+06   2.5309E+04  -3.0778E+04   0.0000E+00   1.6000E+01   1.2975E+03   1.5876E+02  -6.0536E-09  -1.8060E-15
  14   2.7705E+06   2.0755E+04   7.8625E+02   0.0000E+00   1.6000E+01   1.2975E+03   1.3349E+02  -5.5879E-09  -2.0020E-15
  15   3.3266E+06   2.5309E+04  -3.0778E+04   0.0000E+00   1.6000E+01   1.2975E+03   1.5876E+02  -4.1910E-09  -1.2503E-15
  16   2.7705E+06   2.0755E+04   7.8656E+02   0.0000E+00   1.6000E+01   1.2975E+03   1.3349E+02  -5.1223E-09  -1.8351E-15
  17   3.3266E+06   2.5309E+04  -3.0778E+04   0.0000E+00   1.6000E+01   1.2975E+03   1.5876E+02  -2.3283E-09  -6.9463E-16
  18   2.7705E+06   2.0755E+04   7.8625E+02   0.0000E+00   1.6000E+01   1.2975E+03   1.3349E+02  -4.1910E-09  -1.5015E-15
  19   3.3266E+06   2.5309E+04  -3.0778E+04   0.0000E+00   1.6000E+01   1.2975E+03   1.5876E+02  -4.6566E-10  -1.3893E-16
  20   2.1386E+04   7.8097E+03   7.6885E+03   0.0000E+00   5.0000E-01   1.2975E+03   4.4816E+01  -1.3461E-10  -4.6105E-15
  21   3.7554E+04   1.3738E+04   9.3831E+03   0.0000E+00   5.0000E-01   1.2975E+03   7.2351E+01  -1.8190E-10  -3.5463E-15
  22   3.7554E+04   1.3738E+04   1.1054E+04   0.0000E+00   5.0000E-01   1.2975E+03   7.4928E+01  -1.4552E-11  -2.8370E-16
  23   2.1385E+04   7.8096E+03   7.6887E+03   0.0000E+00   5.0000E-01   1.2975E+03   4.4816E+01  -3.2378E-10  -1.1090E-14
  24   3.7554E+04   1.3738E+04   9.3830E+03   0.0000E+00   5.0000E-01   1.2975E+03   7.2351E+01   7.2760E-11   1.4185E-15
  25   3.7554E+04   1.3738E+04   1.1055E+04   0.0000E+00   5.0000E-01   1.2975E+03   7.4927E+01  -6.5484E-11  -1.2767E-15
  26   2.1386E+04   7.8097E+03   7.6885E+03   0.0000E+00   5.0000E-01   1.2975E+03   4.4816E+01  -7.2760E-11  -2.4922E-15
  27   3.7554E+04   1.3738E+04   9.3831E+03   0.0000E+00   5.0000E-01   1.2975E+03   7.2351E+01  -1.1642E-10  -2.2697E-15
  28   3.7554E+04   1.3738E+04   1.1054E+04   0.0000E+00   5.0000E-01   1.2975E+03   7.4928E+01  -3.6380E-11  -7.0926E-16
  29   2.1385E+04   7.8096E+03   7.6887E+03   0.0000E+00   5.0000E-01   1.2975E+03   4.4816E+01  -1.2733E-10  -4.3614E-15
  30   3.7554E+04   1.3738E+04   9.3830E+03   0.0000E+00   5.0000E-01   1.2975E+03   7.2351E+01  -1.6735E-10  -3.2626E-15
  31   3.7554E+04   1.3738E+04   1.1055E+04   0.0000E+00   5.0000E-01   1.2975E+03   7.4927E+01  -2.4011E-10  -4.6812E-15
  32   2.1386E+04   7.8097E+03   7.6885E+03   0.0000E+00   5.0000E-01   1.2975E+03   4.4816E+01  -1.7462E-10  -5.9812E-15
  33   3.7554E+04   1.3738E+04   9.3831E+03   0.0000E+00   5.0000E-01   1.2975E+03   7.2351E+01  -2.1828E-10  -4.2556E-15
  34   3.7554E+04   1.3738E+04   1.1054E+04   0.0000E+00   5.0000E-01   1.2975E+03   7.4928E+01  -2.1100E-10  -4.1137E-15
  35   2.1385E+04   7.8096E+03   7.6887E+03   0.0000E+00   5.0000E-01   1.2975E+03   4.4816E+01  -1.4188E-10  -4.8598E-15
  36   3.7554E+04   1.3738E+04   9.3830E+03   0.0000E+00   5.0000E-01   1.2975E+03   7.2351E+01  -4.3656E-11  -8.5111E-16
  37   3.7554E+04   1.3738E+04   1.1055E+04   0.0000E+00   5.0000E-01   1.2975E+03   7.4927E+01  -1.8190E-10  -3.5463E-15
-------------------------------------------------------------------------------------------------------------------------
 GAP   0.0000E+00   0.0000E+00   0.0000E+00   3.9013E+05   3.8232E+00   1.2975E+03   7.8646E+01   1.4552E-09   3.7300E-15
CORE   7.1249E+07   7.5122E+05          ---          ---   3.8232E+02   1.2975E+03   1.4509E+02   2.8588E+04   3.9706E-04



COOLANT TEMPERATURE SUMMARY
----------------------------
Column heading definitions
    Power - Total assembly power
    Bulk outlet - Mixed-mean coolant temp. at the assembly outlet
    Peak outlet - Maximum coolant subchannel temp. at the assembly outlet
    Peak total - Axial-maximum coolant subchannel temp. in the assembly
    Height - Axial height at which "Peak total" temp. occurs

                         Power    Flow rate  Bulk outlet  Peak outlet   Peak total     Peak ht.
Asm.         Loc.          (W)       (kg/s)          (K)          (K)          (K)          (m)
-----------------------------------------------------------------------------------------------
   1      ( 1, 1)  5.36024E+06  2.75000E+01       778.48       805.32       805.69         3.00
   2      ( 2, 1)  4.83173E+06  2.50000E+01       777.50       810.35       813.51         3.00
   3      ( 2, 2)  4.83173E+06  2.50000E+01       777.50       810.35       813.51         3.00
   4      ( 2, 3)  4.83173E+06  2.50000E+01       777.50       810.35       813.51         3.00
   5      ( 2, 4)  4.83173E+06  2.50000E+01       777.50       810.35       813.51         3.00
   6      ( 2, 5)  4.83173E+06  2.50000E+01       777.50       810.35       813.51         3.00
   7      ( 2, 6)  4.83173E+06  2.50000E+01       777.50       810.35       813.51         3.00
   8      ( 3, 1)  2.79124E+06  1.60000E+01       761.64       807.06       814.44         3.00
   9      ( 3, 2)  3.35188E+06  1.60000E+01       786.91       837.68       846.06         3.00
  10      ( 3, 3)  2.79124E+06  1.60000E+01       761.64       807.06       814.44         3.00
  11      ( 3, 4)  3.35188E+06  1.60000E+01       786.91       837.68       846.06         3.00
  12      ( 3, 5)  2.79124E+06  1.60000E+01       761.64       807.06       814.44         3.00
  13      ( 3, 6)  3.35188E+06  1.60000E+01       786.91       837.68       846.06         3.00
  14      ( 3, 7)  2.79124E+06  1.60000E+01       761.64       807.06       814.44         3.00
  15      ( 3, 8)  3.35188E+06  1.60000E+01       786.91       837.68       846.06         3.00
  16      ( 3, 9)  2.79124E+06  1.60000E+01       761.64       807.06       814.44         3.00
  17      ( 3,10)  3.35188E+06  1.60000E+01       786.91       837.68       846.06         3.00
  18      ( 3,11)  2.79124E+06  1.60000E+01       761.64       807.06       814.44         3.00
  19      ( 3,12)  3.35188E+06  1.60000E+01       786.91       837.68       846.06         3.00
  20      ( 4, 1)  2.91953E+04  5.00000E-01       672.97       725.40       733.30         2.95
  21      ( 4, 2)  5.12920E+04  5.00000E-01       700.50       777.00       799.62         2.93
  22      ( 4, 3)  5.12929E+04  5.00000E-01       703.08       777.09       799.41         2.93
  23      ( 4, 4)  2.91946E+04  5.00000E-01       672.97       725.40       733.30         2.95
  24      ( 4, 5)  5.12929E+04  5.00000E-01       700.50       777.00       799.62         2.93
  25      ( 4, 6)  5.12920E+04  5.00000E-01       703.08       777.09       799.41         2.93
  26      ( 4, 7)  2.91953E+04  5.00000E-01       672.97       725.40       733.30         2.95
  27      ( 4, 8)  5.12920E+04  5.00000E-01       700.50       777.00       799.62         2.93
  28      ( 4, 9)  5.12929E+04  5.00000E-01       703.08       777.09       799.41         2.93
  29      ( 4,10)  2.91946E+04  5.00000E-01       672.97       725.40       733.30         2.95
  30      ( 4,11)  5.12929E+04  5.00000E-01       700.50       777.00       799.62         2.93
  31      ( 4,12)  5.12920E+04  5.00000E-01       703.08       777.09       799.41         2.93
  32      ( 4,13)  2.91953E+04  5.00000E-01       672.97       725.40       733.30         2.95
  33      ( 4,14)  5.12920E+04  5.00000E-01       700.50       777.00       799.62         2.93
  34      ( 4,15)  5.12929E+04  5.00000E-01       703.08       777.09       799.41         2.93
  35      ( 4,16)  2.91946E+04  5.00000E-01       672.97       725.40       733.30         2.95
  36      ( 4,17)  5.12929E+04  5.00000E-01       700.50       777.00       799.62         2.93
  37      ( 4,18)  5.12920E+04  5.00000E-01       703.08       777.09       799.41         2.93



DUCT TEMPERATURE SUMMARY
-------------------------
Column heading definitions
    Average temp. - Duct mid-wall temperature per face at core outlet
    Peak temp. - Axial peak duct mid-wall temperature
    Peak Ht. - Axial position at which peak duct MW temperature occurs

Duct face key                  Face 6    =   Face 1
    Face 1:  1-o'clock                =     =
    Face 2:  3-o'clock             =           =
    Face 3:  5-o'clock     Face 5  =           =  Face 2
    Face 4:  7-o'clock             =           =
    Face 5:  9-o'clock                =     =
    Face 6: 11-o'clock         Face 4    =   Face 3

                          |----------- Average duct MW temperature (K) ------------| Peak temp  Peak ht.
Asm.      Loc.   Duct ID    Face 1    Face 2    Face 3    Face 4    Face 5    Face 6       (K)       (m)
--------------------------------------------------------------------------------------------------------
   1   ( 1, 1)         1    755.46    755.46    755.46    755.46    755.46    755.46    755.69      4.00
   2   ( 2, 1)         1    753.90    752.33    758.73    758.57    756.32    753.41    761.19      4.00
   3   ( 2, 2)         1    752.33    758.73    758.57    756.32    753.41    753.90    761.19      4.00
   4   ( 2, 3)         1    758.73    758.57    756.32    753.41    753.90    752.33    761.19      4.00
   5   ( 2, 4)         1    758.57    756.32    753.41    753.90    752.33    758.73    761.19      4.00
   6   ( 2, 5)         1    756.32    753.41    753.90    752.33    758.73    758.57    761.19      4.00
   7   ( 2, 6)         1    753.41    753.90    752.33    758.73    758.57    756.32    761.19      4.00
   8   ( 3, 1)         1    720.90    728.42    747.81    755.64    750.77    740.05    756.56      4.00
   9   ( 3, 2)         1    743.75    755.31    763.27    766.94    758.42    747.60    769.98      4.00
  10   ( 3, 3)         1    728.42    747.81    755.64    750.77    740.05    720.90    756.56      4.00
  11   ( 3, 4)         1    755.31    763.27    766.94    758.42    747.60    743.75    769.98      4.00
  12   ( 3, 5)         1    747.81    755.64    750.77    740.05    720.90    728.42    756.56      4.00
  13   ( 3, 6)         1    763.27    766.94    758.42    747.60    743.75    755.31    769.98      4.00
  14   ( 3, 7)         1    755.64    750.77    740.05    720.90    728.42    747.81    756.56      4.00
  15   ( 3, 8)         1    766.94    758.42    747.60    743.75    755.31    763.27    769.98      4.00
  16   ( 3, 9)         1    750.77    740.05    720.90    728.42    747.81    755.64    756.56      4.00
  17   ( 3,10)         1    758.42    747.60    743.75    755.31    763.27    766.94    769.98      4.00
  18   ( 3,11)         1    740.05    720.90    728.42    747.81    755.64    750.77    756.56      4.00
  19   ( 3,12)         1    747.60    743.75    755.31    763.27    766.94    758.42    769.98      4.00
  20   ( 4, 1)         1    643.09    640.38    648.83    683.87    721.00    675.36    727.55      4.00
  21   ( 4, 2)         1    651.57    651.34    678.48    723.36    746.08    689.16    753.20      4.00
  22   ( 4, 3)         1    650.61    655.69    692.79    741.40    740.22    680.89    748.30      4.00
  23   ( 4, 4)         1    640.38    648.83    683.87    721.00    675.36    643.09    727.55      4.00
  24   ( 4, 5)         1    651.34    678.48    723.36    746.08    689.16    651.58    753.20      4.00
  25   ( 4, 6)         1    655.69    692.79    741.40    740.22    680.89    650.61    748.30      4.00
  26   ( 4, 7)         1    648.83    683.87    721.00    675.36    643.09    640.38    727.55      4.00
  27   ( 4, 8)         1    678.48    723.36    746.08    689.16    651.57    651.34    753.20      4.00
  28   ( 4, 9)         1    692.79    741.40    740.22    680.89    650.61    655.69    748.30      4.00
  29   ( 4,10)         1    683.87    721.00    675.36    643.09    640.38    648.83    727.55      4.00
  30   ( 4,11)         1    723.36    746.08    689.16    651.58    651.34    678.48    753.20      4.00
  31   ( 4,12)         1    741.40    740.22    680.89    650.61    655.69    692.79    748.30      4.00
  32   ( 4,13)         1    721.00    675.36    643.09    640.38    648.83    683.87    727.55      4.00
  33   ( 4,14)         1    746.08    689.16    651.57    651.34    678.48    723.36    753.20      4.00
  34   ( 4,15)         1    740.22    680.89    650.61    655.69    692.79    741.40    748.30      4.00
  35   ( 4,16)         1    675.36    643.09    640.38    648.83    683.87    721.00    727.55      4.00
  36   ( 4,17)         1    689.16    651.58    651.34    678.48    723.36    746.08    753.20      4.00
  37   ( 4,18)         1    680.89    650.61    655.69    692.79    741.40    740.22    748.30      4.00



PEAK CLAD MW TEMPERATURES
--------------------------

                            Height Pin power   Nominal Radial Temperatures (K) --> 
Asm.      Loc.       Pin       (m)     (W/m)   Coolant   Clad OD   Clad MW   Clad ID   Fuel OD   Fuel CL
--------------------------------------------------------------------------------------------------------
   1   ( 1, 1)         0      3.00   2359.32    805.68    806.49    807.47    808.52    808.52    828.92
   2   ( 2, 1)        83      3.00   2285.91    813.30    814.11    815.06    816.07    816.07    835.66
   3   ( 2, 2)        78      3.00   2286.02    813.30    814.11    815.06    816.07    816.07    835.66
   4   ( 2, 3)        73      3.00   2285.91    813.30    814.11    815.06    816.07    816.07    835.66
   5   ( 2, 4)        68      3.00   2286.02    813.30    814.11    815.06    816.07    816.07    835.66
   6   ( 2, 5)        63      3.00   2285.91    813.30    814.11    815.06    816.07    816.07    835.66
   7   ( 2, 6)        88      3.00   2286.02    813.30    814.11    815.06    816.07    816.07    835.66
   8   ( 3, 1)       118      3.00   1608.40    813.81    814.43    815.10    815.81    815.81    829.61
   9   ( 3, 2)        81      3.00   1807.08    845.59    846.29    847.04    847.84    847.84    862.75
  10   ( 3, 3)       112      3.00   1608.40    813.81    814.43    815.10    815.81    815.81    829.61
  11   ( 3, 4)        76      3.00   1807.08    845.59    846.29    847.04    847.84    847.84    862.75
  12   ( 3, 5)       106      3.00   1608.40    813.81    814.43    815.10    815.81    815.81    829.61
  13   ( 3, 6)        71      3.00   1807.08    845.59    846.29    847.04    847.84    847.84    862.75
  14   ( 3, 7)       100      3.00   1608.40    813.81    814.43    815.10    815.81    815.81    829.61
  15   ( 3, 8)        66      3.00   1807.08    845.59    846.29    847.04    847.84    847.84    862.75
  16   ( 3, 9)        94      3.00   1608.40    813.81    814.43    815.10    815.81    815.81    829.61
  17   ( 3,10)        61      3.00   1807.08    845.59    846.29    847.04    847.84    847.84    862.75
  18   ( 3,11)       124      3.00   1608.40    813.81    814.43    815.10    815.81    815.81    829.61
  19   ( 3,12)        86      3.00   1807.08    845.59    846.29    847.04    847.84    847.84    862.75



PEAK FUEL CL TEMPERATURES
--------------------------

                            Height Pin power   Nominal Radial Temperatures (K) --> 
Asm.      Loc.       Pin       (m)     (W/m)   Coolant   Clad OD   Clad MW   Clad ID   Fuel OD   Fuel CL
--------------------------------------------------------------------------------------------------------
   1   ( 1, 1)         0      2.39  11947.14    764.49    768.57    773.47    778.72    778.72    879.64
   2   ( 2, 1)       118      2.40  11502.70    771.85    775.87    780.59    785.64    785.64    882.25
   3   ( 2, 2)       112      2.40  11502.71    771.85    775.87    780.59    785.64    785.64    882.25
   4   ( 2, 3)       106      2.40  11502.70    771.85    775.87    780.59    785.64    785.64    882.25
   5   ( 2, 4)       100      2.40  11502.71    771.85    775.87    780.59    785.64    785.64    882.25
   6   ( 2, 5)        94      2.40  11502.70    771.85    775.87    780.59    785.64    785.64    882.25
   7   ( 2, 6)       124      2.40  11502.71    771.85    775.87    780.59    785.64    785.64    882.25
   8   ( 3, 1)       118      2.58   6065.27    792.10    794.44    796.93    799.59    799.59    851.14
   9   ( 3, 2)       115      2.57   7231.97    819.29    822.07    825.04    828.22    828.22    887.30
  10   ( 3, 3)       112      2.58   6065.27    792.10    794.44    796.93    799.59    799.59    851.14
  11   ( 3, 4)       109      2.57   7231.97    819.29    822.07    825.04    828.22    828.22    887.30
  12   ( 3, 5)       106      2.58   6065.27    792.10    794.44    796.93    799.59    799.59    851.14
  13   ( 3, 6)       103      2.57   7231.97    819.29    822.07    825.04    828.22    828.22    887.30
  14   ( 3, 7)       100      2.58   6065.27    792.10    794.44    796.93    799.59    799.59    851.14
  15   ( 3, 8)        97      2.57   7231.97    819.29    822.07    825.04    828.22    828.22    887.30
  16   ( 3, 9)        94      2.58   6065.27    792.10    794.44    796.93    799.59    799.59    851.14
  17   ( 3,10)        91      2.57   7231.97    819.29    822.07    825.04    828.22    828.22    887.30
  18   ( 3,11)       124      2.58   6065.27    792.10    794.44    796.93    799.59    799.59    851.14
  19   ( 3,12)       121      2.57   7231.97    819.29    822.07    825.04    828.22    828.22    887.30
