DASSH: Ducted Assembly Steady-State Heat Transfer Code
Version 0.6.10-dev
Executed 2021-06-15 18:08:39.438460



ASSEMBLY GEOMETRY SUMMARY
--------------------------

   Parameter (m // sqm)  Assembly 1
-----------------------------------
                   Name        fuel
                   Pins         271
              Pin rings          10
           Pin diameter 5.40000E-03
              Pin pitch 6.50000E-03
         Clad thickness 3.50000E-04
             Wire pitch 2.03200E-01
          Wire diameter 1.00000E-03
         Wire direction countercloc
            Pin-pin gap 1.10000E-03
           Pin-wall gap 1.43751E-03
   Number of duct walls           1
  Number of bypass gaps           0
 Outside duct outer FTF 1.15600E-01
 Outside duct thickness 3.00000E-03
                Coolant         546
            1. Interior         486
                2. Edge          54
              3. Corner           6
        Duct (per wall)          60
                4. Edge          54
              5. Corner           6
                                   
       Bypass (per gap)         ---
                6. Edge         ---
              7. Corner         ---
                                   
        Subchannel area         ---
       1. Interior area 6.44906E-06
           2. Edge area 1.50481E-05
         3. Corner area 5.93510E-06
    Interior total area 3.98245E-03
                                   
        Hydraulic diam.         ---
         1. Interior De 2.56404E-03
             2. Edge De 3.63464E-03
           3. Corner De 2.91967E-03
              Bundle De 2.73117E-03
                                   
 Centroid-centroid dist         ---
               1 <--> 1 3.75278E-03
               1 <--> 2 3.94515E-03
               2 <--> 2 6.50000E-03
               2 <--> 3 4.44440E-03
               3 <--> 3 3.94764E-03
                                   
           Correlations         ---
        Friction factor         nov
             Flow split         mit
      Mixing parameters         mit
         Nusselt number dittus-boel
           Shape factor 1.00000E+00



ASSEMBLY POWER AND ASSIGNED FLOW RATE
--------------------------------------
This table reports the total flow rate and power for each assembly.
The axial mesh size constraint required for each assembly is reported
as "dz".

"Limiting SC" refers to the type of subchannel that constrains the axial mesh
size. The subchannel ID is the first number; the subchannels to which it
is connected are the second set of numbers. Subchannel IDs are (1) interior;
(2) edge; (3) corner; (6) bypass edge; (7); bypass corner. If a bypass
channel is constraining, the third value indicates which bypass gap the
channel resides in.

Example: "3-22" identifies corner subchannel connected to two edge subchannels
Example: "7-66-0" indicates a bypass corner subchannel connected to two
    bypass edge channels in the first (innermost) bypass gap.

Gr* is the modified Grashof number, which indicates whether buoyancy effects
are important in the pin bundle. If the assembly has a pin bundle region and
Gr* >= 0.02, buoyancy effects should be important and the forced convection
representation of the flow is not accurate.

                            Flow rate      Power         dz   Limiting                Forced
Asm.       Name       Loc.     (kg/s)        (W)        (m)         SC        Gr*  Conv Repr
--------------------------------------------------------------------------------------------
   1       fuel    ( 1, 1)  3.139E+01  6.000E+06  2.598E-02       3-22  6.075E-19          ✓



SUBCHANNEL FLOW CHARACTERISTICS
--------------------------------
Column heading definitions
    Avg. - Average coolant velocity in rod bundle or assembly
    Int. - Coolant velocity in the interior subchannel
    Edge - Coolant velocity in the edge subchannel
    Corner - Coolant velocity in the corner subchannel
    Bypass - Average coolant velocity in the bypass gap, if applicable
    Swirl - Transverse velocity in edge/corner subchannels due to wire-wrap
    Bundle RE - Average Reynolds number in rod bundle or assembly
    Friction factor - Unitless friction factor for bundle or assembly
    Eddy df. - Correlated eddy diffusivity in subchannels

Notes
- Values reported for coolant at inlet temperature
- Flow split can be obtained as ratio of subchannel and average velocities
- Average values reported for assemblies without rod bundle specification

                          |-------  --------  Velocity  (m/s) --  --------  -------|    Bundle  Friction  Eddy Df.
Asm.      Name      Pos.      Avg.      Int.      Edge    Corner    Bypass     Swirl        RE    Factor   (m^2/s)
------------------------------------------------------------------------------------------------------------------
   1      fuel   ( 1, 1)     9.271     8.975    10.364    10.364       ---     1.157     79365  2.00E-02   0.00102



PRESSURE DROP (MPa) ACROSS ASSEMBLIES
--------------------------------------
Notes
- "Total" is the total pressure drop accumulated across the assembly
- "Region 1...N" is the pressure drop in each user-specified axial
    region, starting from the bottom

Asm.       Name       Loc.      Total   Region 1
------------------------------------------------
   1       fuel    ( 1, 1)    1.07009    1.07009



OVERALL ASSEMBLY ENERGY BALANCE
--------------------------------
Column heading definitions
    A - Heat added to coolant through pins or by direct heating (W)
    B - Heat added to duct wall (W)
    C - Heat transferred to assembly-interior coolant through duct wall (W)
    D - Heat transferred to bypass coolant through duct wall (W) (*)
    E - Assembly coolant mass flow rate (kg/s)
    F - Assembly axially averaged heat capacity (J/kg-K)
    G - Assembly coolant temperature rise (K)
    SUM - Assembly energy balance: A + C + D - E * F * G (W)
    ERROR - SUM / (A + B)

Asm.            A            B            C            D            E            F            G          SUM        ERROR
-------------------------------------------------------------------------------------------------------------------------
   1   5.9999E+06   0.0000E+00   2.3967E-03   0.0000E+00   3.1393E+01   1.2742E+03   1.5000E+02  -3.7253E-09  -6.2090E-16
-------------------------------------------------------------------------------------------------------------------------
 GAP   0.0000E+00   0.0000E+00   0.0000E+00   0.0000E+00   0.0000E+00   1.2742E+03  -1.1369E-13   0.0000E+00   0.0000E+00
CORE   5.9999E+06   0.0000E+00          ---          ---   3.1393E+01   1.2742E+03   1.5000E+02  -2.3967E-03  -3.9946E-10



COOLANT TEMPERATURE SUMMARY
----------------------------
Column heading definitions
    Power - Total assembly power
    Bulk outlet - Mixed-mean coolant temp. at the assembly outlet
    Peak outlet - Maximum coolant subchannel temp. at the assembly outlet
    Peak total - Axial-maximum coolant subchannel temp. in the assembly
    Height - Axial height at which "Peak total" temp. occurs

                         Power    Flow rate  Bulk outlet  Peak outlet   Peak total     Peak ht.
Asm.         Loc.          (W)       (kg/s)          (K)          (K)          (K)          (m)
-----------------------------------------------------------------------------------------------
   1      ( 1, 1)  6.00000E+06  3.13932E+01       778.15       804.11       804.45         3.29



DUCT TEMPERATURE SUMMARY
-------------------------
Column heading definitions
    Average temp. - Duct mid-wall temperature per face at core outlet
    Peak temp. - Axial peak duct mid-wall temperature
    Peak Ht. - Axial position at which peak duct MW temperature occurs

Duct face key                  Face 6    =   Face 1
    Face 1:  1-o'clock                =     =
    Face 2:  3-o'clock             =           =
    Face 3:  5-o'clock     Face 5  =           =  Face 2
    Face 4:  7-o'clock             =           =
    Face 5:  9-o'clock                =     =
    Face 6: 11-o'clock         Face 4    =   Face 3

                          |----------- Average duct MW temperature (K) ------------| Peak temp  Peak ht.
Asm.      Loc.   Duct ID    Face 1    Face 2    Face 3    Face 4    Face 5    Face 6       (K)       (m)
--------------------------------------------------------------------------------------------------------
   1   ( 1, 1)         1    758.56    758.56    758.56    758.56    758.56    758.56    759.19      4.00



PEAK CLAD MW TEMPERATURES
--------------------------

                            Height Pin power   Nominal Radial Temperatures (K) --> 
Asm.      Loc.       Pin       (m)     (W/m)   Coolant   Clad OD   Clad MW   Clad ID   Fuel OD   Fuel CL
--------------------------------------------------------------------------------------------------------
   1   ( 1, 1)         0      3.00   6852.53    804.37    806.65    809.32    812.17    812.17    866.66



PEAK FUEL CL TEMPERATURES
--------------------------

                            Height Pin power   Nominal Radial Temperatures (K) --> 
Asm.      Loc.       Pin       (m)     (W/m)   Coolant   Clad OD   Clad MW   Clad ID   Fuel OD   Fuel CL
--------------------------------------------------------------------------------------------------------
   1   ( 1, 1)         0      2.46  12111.04    766.68    770.90    775.84    781.14    781.14    883.27
